<?xml version="1.0" encoding="UTF-8"?>
<testng-results skipped="0" failed="0" ignored="0" total="1" passed="1">
  <reporter-output>
  </reporter-output>
  <suite name="Default suite" duration-ms="2070" started-at="2018-01-22T16:47:20Z" finished-at="2018-01-22T16:47:22Z">
    <groups>
    </groups>
    <test name="Default test" duration-ms="2070" started-at="2018-01-22T16:47:20Z" finished-at="2018-01-22T16:47:22Z">
      <class name="com.qa.rest.tests.PostCallWithJavaObjects">
        <test-method status="PASS" signature="createCustomerTest()[pri:0, instance:com.qa.rest.tests.PostCallWithJavaObjects@c038203]" name="createCustomerTest" duration-ms="2039" started-at="2018-01-22T22:17:20Z" finished-at="2018-01-22T22:17:22Z">
          <reporter-output>
          </reporter-output>
        </test-method> <!-- createCustomerTest -->
      </class> <!-- com.qa.rest.tests.PostCallWithJavaObjects -->
    </test> <!-- Default test -->
  </suite> <!-- Default suite -->
</testng-results>
